<?xml version="1.0" encoding="UTF-8"?>
<!-- Generated by org.testng.reporters.JUnitXMLReporter -->
<testsuite ignored="0" hostname="LAPTOP-BPHIKLG5" failures="1" tests="3" name="Test Application" time="13.526" errors="0" timestamp="2025-02-03T23:38:27 WIB">
  <testcase classname="io.cucumber.testng.AbstractTestNGCucumberTests" name="runScenario" time="0.634"/>
  <testcase classname="io.cucumber.testng.AbstractTestNGCucumberTests" name="runScenario" time="0.095"/>
  <testcase classname="io.cucumber.testng.AbstractTestNGCucumberTests" name="runScenario" time="0.14">
    <failure type="java.lang.AssertionError" message="expected [false] but found [true]">
      <![CDATA[java.lang.AssertionError: expected [false] but found [true]
at jc.belajar.cucumber.definitions.CheckoutDefinition.step05(CheckoutDefinition.java:33)
at ✽.User should see an order confirmation message(file:///c:/Users/ASUS/Documents/SQA24/JCBelajarCucumber/src/test/resources/features/Checkout.feature:9)
... Removed 7 stack frames]]>
    </failure>
  </testcase> <!-- runScenario -->
</testsuite> <!-- Test Application -->
