<?xml version="1.0" encoding="UTF-8"?>
<!-- Generated by org.testng.reporters.JUnitXMLReporter -->
<testsuite ignored="0" hostname="LAPTOP-BPHIKLG5" failures="1" tests="3" name="Test Application" time="11.419" errors="0" timestamp="2025-02-04T00:13:01 WIB">
  <testcase classname="io.cucumber.testng.AbstractTestNGCucumberTests" name="runScenario" time="0.834"/>
  <testcase classname="io.cucumber.testng.AbstractTestNGCucumberTests" name="runScenario" time="0.125"/>
  <testcase classname="io.cucumber.testng.AbstractTestNGCucumberTests" name="runScenario" time="0.255">
    <failure type="java.lang.AssertionError" message="expected [false] but found [true]">
      <![CDATA[java.lang.AssertionError: expected [false] but found [true]
at jc.belajar.cucumber.definitions.CheckoutDefinition.step05(CheckoutDefinition.java:33)
at ✽.User should see an order confirmation message(file:///c:/Users/ASUS/Documents/SQA24/JCBelajarCucumber/src/test/resources/features/Checkout.feature:9)
... Removed 7 stack frames]]>
    </failure>
  </testcase> <!-- runScenario -->
</testsuite> <!-- Test Application -->
