<?xml version="1.0" encoding="UTF-8"?>
<testsuite xmlns:xsi="http://www.w3.org/2001/XMLSchema-instance" xsi:noNamespaceSchemaLocation="https://maven.apache.org/surefire/maven-surefire-plugin/xsd/surefire-test-report-3.0.xsd" version="3.0" name="TestSuite" time="13.445" tests="3" errors="0" skipped="0" failures="1">
  <properties>
[...]
</properties>
  <testcase name="runScenario[&quot;Successful SignIn with valid credentials&quot;, &quot;Auth Functionality&quot;](1)" classname="jc.belajar.cucumber.runners.RunnerTest" time="1.036">
    <system-out><![CDATA[INTIALIZE TEST

@Auth @SignIn @Mobile
Scenario: Successful SignIn with valid credentials &amp#27;[90m# src/test/resources/features/Authentication.feature:5&amp#27;[0m
setup
Before Step: Persiapan sebelum menjalankan langkah...
SignInDefinition:step01()
  &amp#27;[32mGiven &amp#27;[0m&amp#27;[32mUser is on the signin page&amp#27;[0m                 &amp#27;[90m# jc.belajar.cucumber.definitions.SignInDefinition.step01()&amp#27;[0m
After Step: Pembersihan setelah langkah selesai...
Before Step: Persiapan sebelum menjalankan langkah...
SignInDefinition:step02()
  &amp#27;[32mWhen &amp#27;[0m&amp#27;[32mUser enters valid username and password&amp#27;[0m     &amp#27;[90m# jc.belajar.cucumber.definitions.SignInDefinition.step02()&amp#27;[0m
After Step: Pembersihan setelah langkah selesai...
Before Step: Persiapan sebelum menjalankan langkah...
SignInDefinition:step03()
  &amp#27;[32mAnd &amp#27;[0m&amp#27;[32mUser clicks the signin button&amp#27;[0m                &amp#27;[90m# jc.belajar.cucumber.definitions.SignInDefinition.step03()&amp#27;[0m
After Step: Pembersihan setelah langkah selesai...
Before Step: Persiapan sebelum menjalankan langkah...
SignInDefinition:step04()
  &amp#27;[32mThen &amp#27;[0m&amp#27;[32mUser should be redirected to the homepage&amp#27;[0m   &amp#27;[90m# jc.belajar.cucumber.definitions.SignInDefinition.step04()&amp#27;[0m
After Step: Pembersihan setelah langkah selesai...
teardown
]]></system-out>
  </testcase>
  <testcase name="runScenario[&quot;Successful user registration&quot;, &quot;Auth Functionality&quot;](2)" classname="jc.belajar.cucumber.runners.RunnerTest" time="0.893">
    <system-out><![CDATA[
@Auth @Registration @Web @Test
Scenario: Successful user registration        &amp#27;[90m# src/test/resources/features/Authentication.feature:12&amp#27;[0m
setup
Before Step: Persiapan sebelum menjalankan langkah...
RegisterDefinition:step01()
  &amp#27;[32mGiven &amp#27;[0m&amp#27;[32mUser is on the registration page&amp#27;[0m      &amp#27;[90m# jc.belajar.cucumber.definitions.RegisterDefinition.step01()&amp#27;[0m
After Step: Pembersihan setelah langkah selesai...
Before Step: Persiapan sebelum menjalankan langkah...
RegisterDefinition:step02()
  &amp#27;[32mWhen &amp#27;[0m&amp#27;[32mUser enters valid registration details&amp#27;[0m &amp#27;[90m# jc.belajar.cucumber.definitions.RegisterDefinition.step02()&amp#27;[0m
After Step: Pembersihan setelah langkah selesai...
Before Step: Persiapan sebelum menjalankan langkah...
RegisterDefinition:step03()
  &amp#27;[32mAnd &amp#27;[0m&amp#27;[32mUser submits the registration form&amp#27;[0m      &amp#27;[90m# jc.belajar.cucumber.definitions.RegisterDefinition.step03()&amp#27;[0m
After Step: Pembersihan setelah langkah selesai...
Before Step: Persiapan sebelum menjalankan langkah...
RegisterDefinition:step04()
  &amp#27;[32mThen &amp#27;[0m&amp#27;[32mUser should see a success message&amp#27;[0m      &amp#27;[90m# jc.belajar.cucumber.definitions.RegisterDefinition.step04()&amp#27;[0m
After Step: Pembersihan setelah langkah selesai...
teardown
]]></system-out>
  </testcase>
  <testcase name="runScenario[&quot;Successful checkout with valid payment details&quot;, &quot;Checkout Process&quot;](3)" classname="jc.belajar.cucumber.runners.RunnerTest" time="0.629">
    <failure message="expected [false] but found [true]" type="java.lang.AssertionError"><![CDATA[java.lang.AssertionError: expected [false] but found [true]
	at org.testng.Assert.fail(Assert.java:111)
	at org.testng.Assert.failNotEquals(Assert.java:1578)
	at org.testng.Assert.assertEqualsImpl(Assert.java:150)
	at org.testng.Assert.assertEquals(Assert.java:132)
	at org.testng.Assert.assertEquals(Assert.java:1067)
	at org.testng.Assert.assertEquals(Assert.java:1031)
	at org.testng.Assert.assertEquals(Assert.java:1077)
	at jc.belajar.cucumber.definitions.CheckoutDefinition.step05(CheckoutDefinition.java:33)
	at ✽.User should see an order confirmation message(file:///c:/Users/ASUS/Documents/SQA24/JCBelajarCucumber/src/test/resources/features/Checkout.feature:9)
]]></failure>
    <system-out><![CDATA[
@Checkout @Test
Scenario: Successful checkout with valid payment details &amp#27;[90m# src/test/resources/features/Checkout.feature:4&amp#27;[0m
setup
Before Step: Persiapan sebelum menjalankan langkah...
CheckoutDefinition:step01()
  &amp#27;[32mGiven &amp#27;[0m&amp#27;[32mUser has items in the cart&amp#27;[0m                       &amp#27;[90m# jc.belajar.cucumber.definitions.CheckoutDefinition.step01()&amp#27;[0m
After Step: Pembersihan setelah langkah selesai...
Before Step: Persiapan sebelum menjalankan langkah...
CheckoutDefinition:step02()
  &amp#27;[32mWhen &amp#27;[0m&amp#27;[32mUser proceeds to checkout&amp#27;[0m                         &amp#27;[90m# jc.belajar.cucumber.definitions.CheckoutDefinition.step02()&amp#27;[0m
After Step: Pembersihan setelah langkah selesai...
Before Step: Persiapan sebelum menjalankan langkah...
CheckoutDefinition:step03()
  &amp#27;[32mAnd &amp#27;[0m&amp#27;[32mUser enters valid payment details&amp#27;[0m                  &amp#27;[90m# jc.belajar.cucumber.definitions.CheckoutDefinition.step03()&amp#27;[0m
After Step: Pembersihan setelah langkah selesai...
Before Step: Persiapan sebelum menjalankan langkah...
CheckoutDefinition:step04()
  &amp#27;[32mAnd &amp#27;[0m&amp#27;[32mUser confirms the order&amp#27;[0m                            &amp#27;[90m# jc.belajar.cucumber.definitions.CheckoutDefinition.step04()&amp#27;[0m
After Step: Pembersihan setelah langkah selesai...
Before Step: Persiapan sebelum menjalankan langkah...
CheckoutDefinition:step05()
  &amp#27;[31mThen &amp#27;[0m&amp#27;[31mUser should see an order confirmation message&amp#27;[0m     &amp#27;[90m# jc.belajar.cucumber.definitions.CheckoutDefinition.step05()&amp#27;[0m
      &amp#27;[31mjava.lang.AssertionError: expected [false] but found [true]
	at org.testng.Assert.fail(Assert.java:111)
	at org.testng.Assert.failNotEquals(Assert.java:1578)
	at org.testng.Assert.assertEqualsImpl(Assert.java:150)
	at org.testng.Assert.assertEquals(Assert.java:132)
	at org.testng.Assert.assertEquals(Assert.java:1067)
	at org.testng.Assert.assertEquals(Assert.java:1031)
	at org.testng.Assert.assertEquals(Assert.java:1077)
	at jc.belajar.cucumber.definitions.CheckoutDefinition.step05(CheckoutDefinition.java:33)
	at âœ½.User should see an order confirmation message(file:///c:/Users/ASUS/Documents/SQA24/JCBelajarCucumber/src/test/resources/features/Checkout.feature:9)
&amp#27;[0m
After Step: Pembersihan setelah langkah selesai...
teardown
]]></system-out>
  </testcase>
</testsuite>